[33mStarting up http-server, serving [39m[36m.[39m
[33m[39m
[33mhttp-server version: [39m[36m14.0.0[39m
[33m[39m
[33mhttp-server settings: [39m
[33mCORS: [39m[31mdisabled[39m
[33mCache: [39m[36m3600 seconds[39m
[33mConnection Timeout: [39m[36m120 seconds[39m
[33mDirectory Listings: [39m[36mvisible[39m
[33mAutoIndex: [39m[36mvisible[39m
[33mServe GZIP Files: [39m[31mfalse[39m
[33mServe Brotli Files: [39m[31mfalse[39m
[33mDefault File Extension: [39m[31mnone[39m
[33m[39m
[33mAvailable on:[39m
  http://127.0.0.1:[32m8080[39m
  http://172.30.47.18:[32m8080[39m
Hit CTRL-C to stop the server

[2021-11-20T08:53:53.361Z]  "[36mGET[39m [36m/[39m" "Mozilla/5.0 (Windows NT 10.0; Win64; x64) AppleWebKit/537.36 (KHTML, like Gecko) Chrome/96.0.4664.45 Safari/537.36"
(node:23824) [DEP0066] DeprecationWarning: OutgoingMessage.prototype._headers is deprecated
(Use `node --trace-deprecation ...` to show where the warning was created)
[2021-11-20T08:55:26.703Z]  "[36mGET[39m [36m/[39m" "Mozilla/5.0 (compatible; Discordbot/2.0; +https://discordapp.com)"
[2021-11-20T08:55:47.483Z]  "[36mGET[39m [36m/[39m" "Dalvik/2.1.0 (Linux; U; Android 9.0; ZTE BA520 Build/MRA58K)"
[2021-11-20T08:56:14.045Z]  "[36mGET[39m [36m/[39m" "Mozilla/5.0 (iPhone; CPU iPhone OS 10_2_1 like Mac OS X) AppleWebKit/602.4.6 (KHTML, like Gecko) Mobile/14D27 MicroMessenger/6.5.5 NetType/WIFI Language/zh_CN"
[2021-11-20T08:56:19.225Z]  "[36mGET[39m [36m/js/scripts.js[39m" "Mozilla/5.0 (Windows NT 6.1; WOW64) AppleWebKit/537.36 (KHTML, like Gecko) Chrome/39.0.2171.95 Safari/537.36 MicroMessenger/6.5.2.501 NetType/WIFI WindowsWechat QBCore/3.43.27.400 QQBrowser/9.0.2524.400"
[2021-11-20T08:56:34.850Z]  "[36mGET[39m [36m/[39m" "Mozilla/5.0 (Macintosh; Intel Mac OS X 10_15_7) AppleWebKit/537.36 (KHTML, like Gecko) Chrome/96.0.4664.55 Safari/537.36"
[2021-11-20T08:56:35.191Z]  "[36mGET[39m [36m/js/scripts.js[39m" "Mozilla/5.0 (Macintosh; Intel Mac OS X 10_15_7) AppleWebKit/537.36 (KHTML, like Gecko) Chrome/96.0.4664.55 Safari/537.36"
[2021-11-20T08:56:36.093Z]  "[36mGET[39m [36m/css/styles.css[39m" "Mozilla/5.0 (Macintosh; Intel Mac OS X 10_15_7) AppleWebKit/537.36 (KHTML, like Gecko) Chrome/96.0.4664.55 Safari/537.36"
[2021-11-20T08:56:37.684Z]  "[36mGET[39m [36m/assets/favicon.ico[39m" "Mozilla/5.0 (Macintosh; Intel Mac OS X 10_15_7) AppleWebKit/537.36 (KHTML, like Gecko) Chrome/96.0.4664.55 Safari/537.36"
[2021-11-20T08:56:38.158Z]  "[36mGET[39m [36m/assets/img/bg-masthead.jpg[39m" "Mozilla/5.0 (Macintosh; Intel Mac OS X 10_15_7) AppleWebKit/537.36 (KHTML, like Gecko) Chrome/96.0.4664.55 Safari/537.36"
[2021-11-20T08:56:39.577Z]  "[36mHEAD[39m [36m/[39m" "Mozilla/5.0 (Macintosh; Intel Mac OS X 10_15_7) AppleWebKit/537.36 (KHTML, like Gecko) Chrome/96.0.4664.55 Safari/537.36"
[2021-11-20T08:56:41.462Z]  "[36mHEAD[39m [36m/[39m" "Mozilla/5.0 (Macintosh; Intel Mac OS X 10_15_7) AppleWebKit/537.36 (KHTML, like Gecko) Chrome/96.0.4664.55 Safari/537.36"
[2021-11-20T08:56:47.815Z]  "[36mGET[39m [36m/?account_id=viromy.testnet&public_key=ed25519%3A5r4ALE4ZaBmPK4E3q98JEFLgv4jtjP1BFirr5oPwNTm1&all_keys=ed25519%3AFdLckZLLVhN8W76uhbB5L4kckDhGQN8Ly3rCeL8EABvP[39m" "Mozilla/5.0 (Macintosh; Intel Mac OS X 10_15_7) AppleWebKit/537.36 (KHTML, like Gecko) Chrome/96.0.4664.55 Safari/537.36"
[2021-11-20T08:56:48.788Z]  "[36mHEAD[39m [36m/?account_id=viromy.testnet&public_key=ed25519%3A5r4ALE4ZaBmPK4E3q98JEFLgv4jtjP1BFirr5oPwNTm1&all_keys=ed25519%3AFdLckZLLVhN8W76uhbB5L4kckDhGQN8Ly3rCeL8EABvP[39m" "Mozilla/5.0 (Macintosh; Intel Mac OS X 10_15_7) AppleWebKit/537.36 (KHTML, like Gecko) Chrome/96.0.4664.55 Safari/537.36"
[2021-11-20T08:56:49.286Z]  "[36mGET[39m [36m/[39m" "Mozilla/5.0 (Windows NT 10.0; Win64; x64) AppleWebKit/537.36 (KHTML, like Gecko) Chrome/96.0.4664.45 Safari/537.36"
[2021-11-20T08:56:49.614Z]  "[36mGET[39m [36m/js/scripts.js[39m" "Mozilla/5.0 (Windows NT 10.0; Win64; x64) AppleWebKit/537.36 (KHTML, like Gecko) Chrome/96.0.4664.45 Safari/537.36"
[2021-11-20T08:56:49.616Z]  "[36mGET[39m [36m/css/styles.css[39m" "Mozilla/5.0 (Windows NT 10.0; Win64; x64) AppleWebKit/537.36 (KHTML, like Gecko) Chrome/96.0.4664.45 Safari/537.36"
[2021-11-20T08:56:51.171Z]  "[36mGET[39m [36m/assets/img/bg-masthead.jpg[39m" "Mozilla/5.0 (Windows NT 10.0; Win64; x64) AppleWebKit/537.36 (KHTML, like Gecko) Chrome/96.0.4664.45 Safari/537.36"
[2021-11-20T08:56:53.006Z]  "[36mGET[39m [36m/assets/favicon.ico[39m" "Mozilla/5.0 (Windows NT 10.0; Win64; x64) AppleWebKit/537.36 (KHTML, like Gecko) Chrome/96.0.4664.45 Safari/537.36"
[2021-11-20T08:58:58.509Z]  "[36mGET[39m [36m/[39m" "Mozilla/5.0 (Macintosh; Intel Mac OS X 10_11) AppleWebKit/601.1.27 (KHTML, like Gecko) Chrome/47.0.2526.106 Safari/601.1.27"
[2021-11-20T09:00:49.089Z]  "[36mGET[39m [36m/[39m" "Mozilla/5.0 (Windows NT 10.0; Win64; x64) AppleWebKit/537.36 (KHTML, like Gecko) Chrome/96.0.4664.45 Safari/537.36"
[2021-11-20T09:01:13.868Z]  "[36mGET[39m [36m/[39m" "Mozilla/5.0 (Windows NT 10.0; Win64; x64) AppleWebKit/537.36 (KHTML, like Gecko) Chrome/96.0.4664.45 Safari/537.36"
[2021-11-20T09:01:20.402Z]  "[36mGET[39m [36m/[39m" "Mozilla/5.0 (Windows NT 10.0; Win64; x64) AppleWebKit/537.36 (KHTML, like Gecko) Chrome/96.0.4664.45 Safari/537.36"
[2021-11-20T09:01:43.163Z]  "[36mGET[39m [36m/?account_id=dispa1r.testnet&public_key=ed25519%3A7vCxKiGCK5LaGPvkAoifAnwCvvLmRcsVcqPcEA8urHJ8&all_keys=ed25519%3AEf28hBBof6Vfs9KhnQCTKEm57AEcN6e1CcKEyEyK3D1A[39m" "Mozilla/5.0 (Windows NT 10.0; Win64; x64) AppleWebKit/537.36 (KHTML, like Gecko) Chrome/96.0.4664.45 Safari/537.36"
[33mStarting up http-server, serving [39m[36m.[39m
[33m[39m
[33mhttp-server version: [39m[36m14.0.0[39m
[33m[39m
[33mhttp-server settings: [39m
[33mCORS: [39m[31mdisabled[39m
[33mCache: [39m[36m3600 seconds[39m
[33mConnection Timeout: [39m[36m120 seconds[39m
[33mDirectory Listings: [39m[36mvisible[39m
[33mAutoIndex: [39m[36mvisible[39m
[33mServe GZIP Files: [39m[31mfalse[39m
[33mServe Brotli Files: [39m[31mfalse[39m
[33mDefault File Extension: [39m[31mnone[39m
[33m[39m
[33mAvailable on:[39m
  http://127.0.0.1:[32m8080[39m
  http://172.30.47.18:[32m8080[39m
Hit CTRL-C to stop the server

[2021-11-20T09:09:22.406Z]  "[36mGET[39m [36m/[39m" "Mozilla/5.0 (Windows NT 10.0; Win64; x64) AppleWebKit/537.36 (KHTML, like Gecko) Chrome/96.0.4664.45 Safari/537.36"
(node:23873) [DEP0066] DeprecationWarning: OutgoingMessage.prototype._headers is deprecated
(Use `node --trace-deprecation ...` to show where the warning was created)
[2021-11-20T09:10:26.229Z]  "[36mGET[39m [36m/[39m" "Mozilla/5.0 (Windows NT 10.0; Win64; x64) AppleWebKit/537.36 (KHTML, like Gecko) Chrome/96.0.4664.45 Safari/537.36"
[33mStarting up http-server, serving [39m[36m.[39m
[33m[39m
[33mhttp-server version: [39m[36m14.0.0[39m
[33m[39m
[33mhttp-server settings: [39m
[33mCORS: [39m[31mdisabled[39m
[33mCache: [39m[36m3600 seconds[39m
[33mConnection Timeout: [39m[36m120 seconds[39m
[33mDirectory Listings: [39m[36mvisible[39m
[33mAutoIndex: [39m[36mvisible[39m
[33mServe GZIP Files: [39m[31mfalse[39m
[33mServe Brotli Files: [39m[31mfalse[39m
[33mDefault File Extension: [39m[31mnone[39m
[33m[39m
[33mAvailable on:[39m
  http://127.0.0.1:[32m8080[39m
  http://172.30.47.18:[32m8080[39m
Hit CTRL-C to stop the server

[2021-11-20T09:21:40.776Z]  "[36mGET[39m [36m/[39m" "Mozilla/5.0 (Windows NT 10.0; Win64; x64) AppleWebKit/537.36 (KHTML, like Gecko) Chrome/96.0.4664.45 Safari/537.36"
(node:23983) [DEP0066] DeprecationWarning: OutgoingMessage.prototype._headers is deprecated
(Use `node --trace-deprecation ...` to show where the warning was created)
[2021-11-20T09:21:44.620Z]  "[36mGET[39m [36m/[39m" "Mozilla/5.0 (Linux; Android 10; Redmi Note 8 Pro Build/QP1A.190711.020; wv) AppleWebKit/537.36 (KHTML, like Gecko) Version/4.0 Chrome/89.0.4389.72 MQQBrowser/6.2 TBS/045811 Mobile Safari/537.36 MMWEBID/5441 MicroMessenger/8.0.15.2020(0x28000F3D) Process/tools WeChat/arm64 Weixin NetType/WIFI Language/zh_CN ABI/arm64"
[2021-11-20T09:21:44.706Z]  "[36mGET[39m [36m/css/styles.css[39m" "Mozilla/5.0 (Linux; Android 10; Redmi Note 8 Pro Build/QP1A.190711.020; wv) AppleWebKit/537.36 (KHTML, like Gecko) Version/4.0 Chrome/89.0.4389.72 MQQBrowser/6.2 TBS/045811 Mobile Safari/537.36 MMWEBID/5441 MicroMessenger/8.0.15.2020(0x28000F3D) Process/tools WeChat/arm64 Weixin NetType/WIFI Language/zh_CN ABI/arm64"
[2021-11-20T09:21:44.740Z]  "[36mGET[39m [36m/js/scripts.js[39m" "Mozilla/5.0 (Linux; Android 10; Redmi Note 8 Pro Build/QP1A.190711.020; wv) AppleWebKit/537.36 (KHTML, like Gecko) Version/4.0 Chrome/89.0.4389.72 MQQBrowser/6.2 TBS/045811 Mobile Safari/537.36 MMWEBID/5441 MicroMessenger/8.0.15.2020(0x28000F3D) Process/tools WeChat/arm64 Weixin NetType/WIFI Language/zh_CN ABI/arm64"
[2021-11-20T09:21:45.998Z]  "[36mGET[39m [36m/assets/img/bg-masthead.jpg[39m" "Mozilla/5.0 (Linux; Android 10; Redmi Note 8 Pro Build/QP1A.190711.020; wv) AppleWebKit/537.36 (KHTML, like Gecko) Version/4.0 Chrome/89.0.4389.72 MQQBrowser/6.2 TBS/045811 Mobile Safari/537.36 MMWEBID/5441 MicroMessenger/8.0.15.2020(0x28000F3D) Process/tools WeChat/arm64 Weixin NetType/WIFI Language/zh_CN ABI/arm64"
[2021-11-20T09:21:46.881Z]  "[36mGET[39m [36m/assets/favicon.ico[39m" "Mozilla/5.0 (Linux; Android 10; Redmi Note 8 Pro Build/QP1A.190711.020; wv) AppleWebKit/537.36 (KHTML, like Gecko) Version/4.0 Chrome/89.0.4389.72 MQQBrowser/6.2 TBS/045811 Mobile Safari/537.36 MMWEBID/5441 MicroMessenger/8.0.15.2020(0x28000F3D) Process/tools WeChat/arm64 Weixin NetType/WIFI Language/zh_CN ABI/arm64"
[2021-11-20T09:21:54.569Z]  "[36mGET[39m [36m/[39m" "Mozilla/5.0 (Windows NT 10.0; Win64; x64) AppleWebKit/537.36 (KHTML, like Gecko) Chrome/95.0.4638.69 Safari/537.36"
[2021-11-20T09:21:54.621Z]  "[36mGET[39m [36m/css/styles.css[39m" "Mozilla/5.0 (Windows NT 10.0; Win64; x64) AppleWebKit/537.36 (KHTML, like Gecko) Chrome/95.0.4638.69 Safari/537.36"
[2021-11-20T09:21:54.624Z]  "[36mGET[39m [36m/js/scripts.js[39m" "Mozilla/5.0 (Windows NT 10.0; Win64; x64) AppleWebKit/537.36 (KHTML, like Gecko) Chrome/95.0.4638.69 Safari/537.36"
[2021-11-20T09:21:56.462Z]  "[36mGET[39m [36m/assets/img/bg-masthead.jpg[39m" "Mozilla/5.0 (Windows NT 10.0; Win64; x64) AppleWebKit/537.36 (KHTML, like Gecko) Chrome/95.0.4638.69 Safari/537.36"
[2021-11-20T09:21:56.474Z]  "[36mHEAD[39m [36m/assets/img/bg-masthead.jpg[39m" "Mozilla/5.0 (Windows NT 10.0; Win64; x64) AppleWebKit/537.36 (KHTML, like Gecko) Chrome/95.0.4638.69 Safari/537.36"
[2021-11-20T09:22:16.332Z]  "[36mGET[39m [36m/assets/favicon.ico[39m" "Mozilla/5.0 (Windows NT 10.0; Win64; x64) AppleWebKit/537.36 (KHTML, like Gecko) Chrome/95.0.4638.69 Safari/537.36"
[2021-11-20T09:22:25.812Z]  "[36mGET[39m [36m/[39m" "Mozilla/5.0 (Windows NT 10.0; Win64; x64) AppleWebKit/537.36 (KHTML, like Gecko) Chrome/95.0.4638.69 Safari/537.36"
[2021-11-20T09:23:36.130Z]  "[36mGET[39m [36m/[39m" "Mozilla/5.0 (Macintosh; Intel Mac OS X 10_15_7) AppleWebKit/605.1.15 (KHTML, like Gecko) Version/15.0 Safari/605.1.15"
[2021-11-20T09:23:36.654Z]  "[36mGET[39m [36m/css/styles.css[39m" "Mozilla/5.0 (Macintosh; Intel Mac OS X 10_15_7) AppleWebKit/605.1.15 (KHTML, like Gecko) Version/15.0 Safari/605.1.15"
[2021-11-20T09:23:36.664Z]  "[36mGET[39m [36m/js/scripts.js[39m" "Mozilla/5.0 (Macintosh; Intel Mac OS X 10_15_7) AppleWebKit/605.1.15 (KHTML, like Gecko) Version/15.0 Safari/605.1.15"
[2021-11-20T09:23:38.178Z]  "[36mGET[39m [36m/assets/img/bg-masthead.jpg[39m" "Mozilla/5.0 (Macintosh; Intel Mac OS X 10_15_7) AppleWebKit/605.1.15 (KHTML, like Gecko) Version/15.0 Safari/605.1.15"
[2021-11-20T09:23:39.773Z]  "[36mGET[39m [36m/assets/favicon.ico[39m" "Mozilla/5.0 (Macintosh; Intel Mac OS X 10_15_7) AppleWebKit/605.1.15 (KHTML, like Gecko) Version/15.0 Safari/605.1.15"
[2021-11-20T09:23:52.564Z]  "[36mGET[39m [36m/?account_id=petrstudynka.testnet&public_key=ed25519%3AEsTpfs2YVi5JuicFrPff4bpPK8ssxjfgonfMrVVN68Qo&all_keys=ed25519%3A5J4L62P21e2GcV6yYWfXi7iuQ5UpmWNLvAPa71267coa[39m" "Mozilla/5.0 (Macintosh; Intel Mac OS X 10_15_7) AppleWebKit/605.1.15 (KHTML, like Gecko) Version/15.0 Safari/605.1.15"
[2021-11-20T09:23:56.897Z]  "[36mGET[39m [36m/?account_id=petrstudynka.testnet&public_key=ed25519%3AEsTpfs2YVi5JuicFrPff4bpPK8ssxjfgonfMrVVN68Qo&all_keys=ed25519%3A5J4L62P21e2GcV6yYWfXi7iuQ5UpmWNLvAPa71267coa[39m" "Mozilla/5.0 (Macintosh; Intel Mac OS X 10_15_7) AppleWebKit/605.1.15 (KHTML, like Gecko) Version/15.0 Safari/605.1.15"
[2021-11-20T09:26:55.730Z]  "[36mGET[39m [36m/[39m" "Mozilla/5.0 (Windows NT 10.0; Win64; x64) AppleWebKit/537.36 (KHTML, like Gecko) Chrome/96.0.4664.45 Safari/537.36"
[2021-11-20T09:30:57.592Z]  "[36mGET[39m [36m/[39m" "Mozilla/5.0 (Windows NT 6.1; WOW64) AppleWebKit/537.36 (KHTML, like Gecko) Chrome/81.0.4044.138 Safari/537.36 NetType/WIFI MicroMessenger/7.0.20.1781(0x6700143B) WindowsWechat(0x63040026)"
[2021-11-20T09:30:58.304Z]  "[36mGET[39m [36m/js/scripts.js[39m" "Mozilla/5.0 (Windows NT 6.1; WOW64) AppleWebKit/537.36 (KHTML, like Gecko) Chrome/81.0.4044.138 Safari/537.36 NetType/WIFI MicroMessenger/7.0.20.1781(0x6700143B) WindowsWechat(0x63040026)"
[2021-11-20T09:30:58.306Z]  "[36mGET[39m [36m/css/styles.css[39m" "Mozilla/5.0 (Windows NT 6.1; WOW64) AppleWebKit/537.36 (KHTML, like Gecko) Chrome/81.0.4044.138 Safari/537.36 NetType/WIFI MicroMessenger/7.0.20.1781(0x6700143B) WindowsWechat(0x63040026)"
[2021-11-20T09:30:59.839Z]  "[36mGET[39m [36m/assets/img/bg-masthead.jpg[39m" "Mozilla/5.0 (Windows NT 6.1; WOW64) AppleWebKit/537.36 (KHTML, like Gecko) Chrome/81.0.4044.138 Safari/537.36 NetType/WIFI MicroMessenger/7.0.20.1781(0x6700143B) WindowsWechat(0x63040026)"
[2021-11-20T09:35:43.573Z]  "[36mGET[39m [36m/[39m" "Mozilla/5.0 (Windows NT 10.0; Win64; x64) AppleWebKit/537.36 (KHTML, like Gecko) Chrome/90.0.4430.93 Safari/537.36"
[2021-11-20T09:35:45.604Z]  "[36mGET[39m [36m/hack.html[39m" "Mozilla/5.0 (Windows NT 10.0; Win64; x64) AppleWebKit/537.36 (KHTML, like Gecko) Chrome/90.0.4430.93 Safari/537.36"
[2021-11-20T09:50:52.470Z]  "[36mGET[39m [36m/manager/html[39m" "undefined"
[2021-11-20T09:50:52.471Z]  "[31mGET[39m [31m/manager/html[39m" Error ([31m404[39m): "[31mNot found[39m"
[2021-11-20T09:59:17.098Z]  "[36mGET[39m [36m/[39m" "Mozilla/5.0 (Macintosh; Intel Mac OS X 10_15_6) AppleWebKit/605.1.15 (KHTML, like Gecko) Version/15.1 Safari/605.1.15"
[2021-11-20T09:59:17.552Z]  "[36mGET[39m [36m/js/scripts.js[39m" "Mozilla/5.0 (Macintosh; Intel Mac OS X 10_15_6) AppleWebKit/605.1.15 (KHTML, like Gecko) Version/15.1 Safari/605.1.15"
[2021-11-20T09:59:18.219Z]  "[36mGET[39m [36m/css/styles.css[39m" "Mozilla/5.0 (Macintosh; Intel Mac OS X 10_15_6) AppleWebKit/605.1.15 (KHTML, like Gecko) Version/15.1 Safari/605.1.15"
[2021-11-20T09:59:20.289Z]  "[36mGET[39m [36m/assets/img/bg-masthead.jpg[39m" "Mozilla/5.0 (Macintosh; Intel Mac OS X 10_15_6) AppleWebKit/605.1.15 (KHTML, like Gecko) Version/15.1 Safari/605.1.15"
[2021-11-20T10:36:56.751Z]  "[36mGET[39m [36m/[39m" "Mozilla/5.0 (Windows NT 10.0; Win64; x64) AppleWebKit/537.36 (KHTML, like Gecko) Chrome/90.0.4430.93 Safari/537.36"
[2021-11-20T10:36:57.769Z]  "[36mGET[39m [36m/hack.html[39m" "Mozilla/5.0 (Windows NT 10.0; Win64; x64) AppleWebKit/537.36 (KHTML, like Gecko) Chrome/90.0.4430.93 Safari/537.36"
[2021-11-20T10:43:57.166Z]  "[36mGET[39m [36m/[39m" "Mozilla/5.0 (Macintosh; Intel Mac OS X 10_15_7) AppleWebKit/537.36 (KHTML, like Gecko) Chrome/96.0.4664.45 Safari/537.36"
[2021-11-20T10:43:57.675Z]  "[36mGET[39m [36m/js/scripts.js[39m" "Mozilla/5.0 (Macintosh; Intel Mac OS X 10_15_7) AppleWebKit/537.36 (KHTML, like Gecko) Chrome/96.0.4664.45 Safari/537.36"
[2021-11-20T10:43:57.676Z]  "[36mGET[39m [36m/css/styles.css[39m" "Mozilla/5.0 (Macintosh; Intel Mac OS X 10_15_7) AppleWebKit/537.36 (KHTML, like Gecko) Chrome/96.0.4664.45 Safari/537.36"
[2021-11-20T10:43:58.037Z]  "[36mGET[39m [36m/js/scripts.js[39m" "Mozilla/5.0 (Macintosh; Intel Mac OS X 10_15_7) AppleWebKit/537.36 (KHTML, like Gecko) Chrome/96.0.4664.45 Safari/537.36"
[2021-11-20T10:43:58.887Z]  "[36mGET[39m [36m/assets/img/bg-masthead.jpg[39m" "Mozilla/5.0 (Macintosh; Intel Mac OS X 10_15_7) AppleWebKit/537.36 (KHTML, like Gecko) Chrome/96.0.4664.45 Safari/537.36"
[2021-11-20T10:55:26.715Z]  "[36mGET[39m [36m/[39m" "Mozilla/5.0 (X11; Linux x86_64) AppleWebKit/537.36 (KHTML, like Gecko) Chrome/95.0.4638.69 Safari/537.36"
[2021-11-20T10:55:27.281Z]  "[36mGET[39m [36m/css/styles.css[39m" "Mozilla/5.0 (X11; Linux x86_64) AppleWebKit/537.36 (KHTML, like Gecko) Chrome/95.0.4638.69 Safari/537.36"
[2021-11-20T10:55:30.515Z]  "[36mGET[39m [36m/js/scripts.js[39m" "Mozilla/5.0 (X11; Linux x86_64) AppleWebKit/537.36 (KHTML, like Gecko) Chrome/95.0.4638.69 Safari/537.36"
[2021-11-20T10:55:31.054Z]  "[36mGET[39m [36m/assets/favicon.ico[39m" "Mozilla/5.0 (X11; Linux x86_64) AppleWebKit/537.36 (KHTML, like Gecko) Chrome/95.0.4638.69 Safari/537.36"
[2021-11-20T10:55:32.242Z]  "[36mGET[39m [36m/assets/img/bg-masthead.jpg[39m" "Mozilla/5.0 (X11; Linux x86_64) AppleWebKit/537.36 (KHTML, like Gecko) Chrome/95.0.4638.69 Safari/537.36"
[2021-11-20T11:09:52.480Z]  "[36mGET[39m [36mhttp://www.qq.com/404/search_children.js[39m" "Mozilla/5.0 (X11; Linux x86_64) AppleWebKit/537.36 (KHTML, like Gecko) Chrome/35.0.1916.114 Safari/537.36"
[2021-11-20T11:09:52.482Z]  "[31mGET[39m [31mhttp://www.qq.com/404/search_children.js[39m" Error ([31m404[39m): "[31mNot found[39m"
[2021-11-20T11:50:07.040Z]  "[36mGET[39m [36m/manager/html[39m" "undefined"
[2021-11-20T11:50:07.041Z]  "[31mGET[39m [31m/manager/html[39m" Error ([31m404[39m): "[31mNot found[39m"
[2021-11-20T11:50:35.230Z]  "[36mGET[39m [36m/[39m" "Mozilla/5.0 (Macintosh; Intel Mac OS X 10_15_7) AppleWebKit/537.36 (KHTML, like Gecko) Chrome/91.0.4472.124 Safari/537.36"
[2021-11-20T11:50:35.644Z]  "[36mGET[39m [36m/css/styles.css[39m" "Mozilla/5.0 (Macintosh; Intel Mac OS X 10_15_7) AppleWebKit/537.36 (KHTML, like Gecko) Chrome/91.0.4472.124 Safari/537.36"
[2021-11-20T11:50:36.371Z]  "[36mGET[39m [36m/js/scripts.js[39m" "Mozilla/5.0 (Macintosh; Intel Mac OS X 10_15_7) AppleWebKit/537.36 (KHTML, like Gecko) Chrome/91.0.4472.124 Safari/537.36"
[2021-11-20T11:50:37.391Z]  "[36mGET[39m [36m/assets/img/bg-masthead.jpg[39m" "Mozilla/5.0 (Macintosh; Intel Mac OS X 10_15_7) AppleWebKit/537.36 (KHTML, like Gecko) Chrome/91.0.4472.124 Safari/537.36"
[2021-11-20T11:50:37.435Z]  "[36mGET[39m [36m/assets/favicon.ico[39m" "Mozilla/5.0 (Macintosh; Intel Mac OS X 10_15_7) AppleWebKit/537.36 (KHTML, like Gecko) Chrome/91.0.4472.124 Safari/537.36"
[2021-11-20T11:50:48.566Z]  "[36mGET[39m [36m/?account_id=catmcgee.testnet&public_key=ed25519%3ADiuqPKrurJqWLG1DpAb4XzWmNqvziKU59MGTD6Qs8epk&all_keys=ed25519%3AFQ9PJm4qvATCXc9gf6eD8f14FArYZdUA1KRo4QYqz3QU[39m" "Mozilla/5.0 (Macintosh; Intel Mac OS X 10_15_7) AppleWebKit/537.36 (KHTML, like Gecko) Chrome/91.0.4472.124 Safari/537.36"
